0 info it worked if it ends with ok
1 verbose cli [ '/Users/rreusser/.nvm/versions/node/v4.2.3/bin/node',
1 verbose cli   '/Users/rreusser/.nvm/versions/node/v4.2.3/bin/npm',
1 verbose cli   'run',
1 verbose cli   'test' ]
2 info using npm@2.14.7
3 info using node@v4.2.3
4 verbose stack Error: ENOENT: no such file or directory, open '/Users/rreusser/projects/node/rreusser/kmpp/package.json'
4 verbose stack     at Error (native)
5 verbose cwd /Users/rreusser/projects/node/rreusser/kmpp
6 error Darwin 15.5.0
7 error argv "/Users/rreusser/.nvm/versions/node/v4.2.3/bin/node" "/Users/rreusser/.nvm/versions/node/v4.2.3/bin/npm" "run" "test"
8 error node v4.2.3
9 error npm  v2.14.7
10 error path /Users/rreusser/projects/node/rreusser/kmpp/package.json
11 error code ENOENT
12 error errno -2
13 error syscall open
14 error enoent ENOENT: no such file or directory, open '/Users/rreusser/projects/node/rreusser/kmpp/package.json'
14 error enoent This is most likely not a problem with npm itself
14 error enoent and is related to npm not being able to find a file.
15 verbose exit [ -2, true ]
